# JRE version: OpenJDK Runtime Environment (17.0.6) (build 17.0.6+0-b2043.56-10027231)
# Java VM: OpenJDK 64-Bit Server VM (17.0.6+0-b2043.56-10027231, mixed mode, tiered, compressed oops, compressed class ptrs, g1 gc, windows-amd64)
GC Precious Log:
 CPUs: 16 total, 16 available
 Memory: 14198M
 Large Page Support: Disabled
 NUMA Support: Disabled
 Compressed Oops: Enabled (32-bit)
 Heap Region Size: 1M
 Heap Min Capacity: 8M
 Heap Initial Capacity: 222M
 Heap Max Capacity: 2G
 Pre-touch: Disabled
 Parallel Workers: 13
 Concurrent Workers: 3
 Concurrent Refinement Workers: 13
 Periodic GC: Disabled
Heap:
 garbage-first heap   total 284672K, used 216868K [0x0000000080000000, 0x0000000100000000)
  region size 1024K, 5 young (5120K), 5 survivors (5120K)
 Metaspace       used 103609K, committed 104384K, reserved 1138688K
  class space    used 15145K, committed 15488K, reserved 1048576K
GC Heap History (20 events):
Event: 10.436 GC heap after
{Heap after GC invocations=36 (full 0):
 garbage-first heap   total 142336K, used 80148K [0x0000000080000000, 0x0000000100000000)
  region size 1024K, 5 young (5120K), 5 survivors (5120K)
 Metaspace       used 85124K, committed 85760K, reserved 1130496K
  class space    used 11635K, committed 11904K, reserved 1048576K
}
Event: 10.613 GC heap before
{Heap before GC invocations=37 (full 0):
 garbage-first heap   total 142336K, used 113940K [0x0000000080000000, 0x0000000100000000)
  region size 1024K, 39 young (39936K), 5 survivors (5120K)
 Metaspace       used 85832K, committed 86400K, reserved 1130496K
  class space    used 11842K, committed 12096K, reserved 1048576K
}
Event: 10.618 GC heap after
{Heap after GC invocations=38 (full 0):
 garbage-first heap   total 142336K, used 85147K [0x0000000080000000, 0x0000000100000000)
  region size 1024K, 5 young (5120K), 5 survivors (5120K)
 Metaspace       used 85832K, committed 86400K, reserved 1130496K
  class space    used 11842K, committed 12096K, reserved 1048576K
}
Event: 10.622 GC heap before
{Heap before GC invocations=38 (full 0):
 garbage-first heap   total 142336K, used 86171K [0x0000000080000000, 0x0000000100000000)
  region size 1024K, 6 young (6144K), 5 survivors (5120K)
 Metaspace       used 85834K, committed 86400K, reserved 1130496K
  class space    used 11842K, committed 12096K, reserved 1048576K
}
Event: 10.625 GC heap after
{Heap after GC invocations=39 (full 0):
 garbage-first heap   total 142336K, used 85617K [0x0000000080000000, 0x0000000100000000)
  region size 1024K, 1 young (1024K), 1 survivors (1024K)
 Metaspace       used 85834K, committed 86400K, reserved 1130496K
  class space    used 11842K, committed 12096K, reserved 1048576K
}
Event: 10.784 GC heap before
{Heap before GC invocations=39 (full 0):
 garbage-first heap   total 142336K, used 115313K [0x0000000080000000, 0x0000000100000000)
  region size 1024K, 31 young (31744K), 1 survivors (1024K)
 Metaspace       used 86002K, committed 86592K, reserved 1130496K
  class space    used 11845K, committed 12096K, reserved 1048576K
}
Event: 10.788 GC heap after
{Heap after GC invocations=40 (full 0):
 garbage-first heap   total 284672K, used 89586K [0x0000000080000000, 0x0000000100000000)
  region size 1024K, 4 young (4096K), 4 survivors (4096K)
 Metaspace       used 86002K, committed 86592K, reserved 1130496K
  class space    used 11845K, committed 12096K, reserved 1048576K
}
Event: 11.638 GC heap before
{Heap before GC invocations=41 (full 0):
 garbage-first heap   total 284672K, used 218610K [0x0000000080000000, 0x0000000100000000)
  region size 1024K, 131 young (134144K), 4 survivors (4096K)
 Metaspace       used 86894K, committed 87552K, reserved 1130496K
  class space    used 11925K, committed 12224K, reserved 1048576K
}
Event: 11.646 GC heap after
{Heap after GC invocations=42 (full 0):
 garbage-first heap   total 284672K, used 97968K [0x0000000080000000, 0x0000000100000000)
  region size 1024K, 13 young (13312K), 13 survivors (13312K)
 Metaspace       used 86894K, committed 87552K, reserved 1130496K
  class space    used 11925K, committed 12224K, reserved 1048576K
}
Event: 11.649 GC heap before
{Heap before GC invocations=42 (full 0):
 garbage-first heap   total 284672K, used 98992K [0x0000000080000000, 0x0000000100000000)
  region size 1024K, 14 young (14336K), 13 survivors (13312K)
 Metaspace       used 86902K, committed 87552K, reserved 1130496K
  class space    used 11927K, committed 12224K, reserved 1048576K
}
Event: 11.654 GC heap after
{Heap after GC invocations=43 (full 0):
 garbage-first heap   total 284672K, used 97283K [0x0000000080000000, 0x0000000100000000)
  region size 1024K, 2 young (2048K), 2 survivors (2048K)
 Metaspace       used 86902K, committed 87552K, reserved 1130496K
  class space    used 11927K, committed 12224K, reserved 1048576K
}
Event: 12.493 GC heap before
{Heap before GC invocations=43 (full 0):
 garbage-first heap   total 284672K, used 259075K [0x0000000080000000, 0x0000000100000000)
  region size 1024K, 119 young (121856K), 2 survivors (2048K)
 Metaspace       used 93043K, committed 93696K, reserved 1130496K
  class space    used 12835K, committed 13184K, reserved 1048576K
}
Event: 12.499 GC heap after
{Heap after GC invocations=44 (full 0):
 garbage-first heap   total 284672K, used 139950K [0x0000000080000000, 0x0000000100000000)
  region size 1024K, 15 young (15360K), 15 survivors (15360K)
 Metaspace       used 93043K, committed 93696K, reserved 1130496K
  class space    used 12835K, committed 13184K, reserved 1048576K
}
Event: 12.906 GC heap before
{Heap before GC invocations=44 (full 0):
 garbage-first heap   total 284672K, used 237230K [0x0000000080000000, 0x0000000100000000)
  region size 1024K, 95 young (97280K), 15 survivors (15360K)
 Metaspace       used 96462K, committed 97216K, reserved 1138688K
  class space    used 13462K, committed 13824K, reserved 1048576K
}
Event: 12.924 GC heap after
{Heap after GC invocations=45 (full 0):
 garbage-first heap   total 284672K, used 171085K [0x0000000080000000, 0x0000000100000000)
  region size 1024K, 12 young (12288K), 12 survivors (12288K)
 Metaspace       used 96462K, committed 97216K, reserved 1138688K
  class space    used 13462K, committed 13824K, reserved 1048576K
}
Event: 13.263 GC heap before
{Heap before GC invocations=45 (full 0):
 garbage-first heap   total 284672K, used 223309K [0x0000000080000000, 0x0000000100000000)
  region size 1024K, 64 young (65536K), 12 survivors (12288K)
 Metaspace       used 101814K, committed 102592K, reserved 1138688K
  class space    used 14684K, committed 15040K, reserved 1048576K
}
Event: 13.277 GC heap after
{Heap after GC invocations=46 (full 0):
 garbage-first heap   total 284672K, used 183296K [0x0000000080000000, 0x0000000100000000)
  region size 1024K, 8 young (8192K), 8 survivors (8192K)
 Metaspace       used 101814K, committed 102592K, reserved 1138688K
  class space    used 14684K, committed 15040K, reserved 1048576K
}
Event: 13.454 GC heap before
{Heap before GC invocations=46 (full 0):
 garbage-first heap   total 284672K, used 228352K [0x0000000080000000, 0x0000000100000000)
  region size 1024K, 53 young (54272K), 8 survivors (8192K)
 Metaspace       used 103232K, committed 104000K, reserved 1138688K
  class space    used 15045K, committed 15424K, reserved 1048576K
}
Event: 13.467 GC heap after
{Heap after GC invocations=47 (full 0):
 garbage-first heap   total 284672K, used 201951K [0x0000000080000000, 0x0000000100000000)
  region size 1024K, 7 young (7168K), 7 survivors (7168K)
 Metaspace       used 103232K, committed 104000K, reserved 1138688K
  class space    used 15045K, committed 15424K, reserved 1048576K
}
Event: 13.532 GC heap before
{Heap before GC invocations=47 (full 0):
 garbage-first heap   total 284672K, used 230623K [0x0000000080000000, 0x0000000100000000)
  region size 1024K, 36 young (36864K), 7 survivors (7168K)
 Metaspace       used 103609K, committed 104384K, reserved 1138688K
  class space    used 15145K, committed 15488K, reserved 1048576K
}

