# JRE version: OpenJDK Runtime Environment (17.0.6) (build 17.0.6+0-b2043.56-10027231)
# Java VM: OpenJDK 64-Bit Server VM (17.0.6+0-b2043.56-10027231, mixed mode, tiered, compressed oops, compressed class ptrs, g1 gc, windows-amd64)
GC Precious Log:
 CPUs: 16 total, 16 available
 Memory: 14198M
 Large Page Support: Disabled
 NUMA Support: Disabled
 Compressed Oops: Enabled (32-bit)
 Heap Region Size: 1M
 Heap Min Capacity: 8M
 Heap Initial Capacity: 222M
 Heap Max Capacity: 2G
 Pre-touch: Disabled
 Parallel Workers: 13
 Concurrent Workers: 3
 Concurrent Refinement Workers: 13
 Periodic GC: Disabled
Heap:
 garbage-first heap   total 227328K, used 106223K [0x0000000080000000, 0x0000000100000000)
  region size 1024K, 4 young (4096K), 4 survivors (4096K)
 Metaspace       used 78509K, committed 79232K, reserved 1122304K
  class space    used 10787K, committed 11072K, reserved 1048576K
GC Heap History (20 events):
Event: 8.353 GC heap after
{Heap after GC invocations=26 (full 0):
 garbage-first heap   total 162816K, used 86396K [0x0000000080000000, 0x0000000100000000)
  region size 1024K, 1 young (1024K), 1 survivors (1024K)
 Metaspace       used 57070K, committed 57664K, reserved 1105920K
  class space    used 7628K, committed 7872K, reserved 1048576K
}
Event: 8.979 GC heap before
{Heap before GC invocations=26 (full 0):
 garbage-first heap   total 162816K, used 124284K [0x0000000080000000, 0x0000000100000000)
  region size 1024K, 38 young (38912K), 1 survivors (1024K)
 Metaspace       used 63381K, committed 64064K, reserved 1105920K
  class space    used 8475K, committed 8768K, reserved 1048576K
}
Event: 8.981 GC heap after
{Heap after GC invocations=27 (full 0):
 garbage-first heap   total 162816K, used 87909K [0x0000000080000000, 0x0000000100000000)
  region size 1024K, 2 young (2048K), 2 survivors (2048K)
 Metaspace       used 63381K, committed 64064K, reserved 1105920K
  class space    used 8475K, committed 8768K, reserved 1048576K
}
Event: 9.449 GC heap before
{Heap before GC invocations=28 (full 0):
 garbage-first heap   total 162816K, used 133989K [0x0000000080000000, 0x0000000100000000)
  region size 1024K, 41 young (41984K), 2 survivors (2048K)
 Metaspace       used 67427K, committed 68096K, reserved 1114112K
  class space    used 8983K, committed 9280K, reserved 1048576K
}
Event: 9.452 GC heap after
{Heap after GC invocations=29 (full 0):
 garbage-first heap   total 162816K, used 92095K [0x0000000080000000, 0x0000000100000000)
  region size 1024K, 6 young (6144K), 6 survivors (6144K)
 Metaspace       used 67427K, committed 68096K, reserved 1114112K
  class space    used 8983K, committed 9280K, reserved 1048576K
}
Event: 9.467 GC heap before
{Heap before GC invocations=29 (full 0):
 garbage-first heap   total 162816K, used 93119K [0x0000000080000000, 0x0000000100000000)
  region size 1024K, 7 young (7168K), 6 survivors (6144K)
 Metaspace       used 67518K, committed 68160K, reserved 1114112K
  class space    used 8997K, committed 9280K, reserved 1048576K
}
Event: 9.470 GC heap after
{Heap after GC invocations=30 (full 0):
 garbage-first heap   total 162816K, used 92447K [0x0000000080000000, 0x0000000100000000)
  region size 1024K, 1 young (1024K), 1 survivors (1024K)
 Metaspace       used 67518K, committed 68160K, reserved 1114112K
  class space    used 8997K, committed 9280K, reserved 1048576K
}
Event: 9.784 GC heap before
{Heap before GC invocations=30 (full 0):
 garbage-first heap   total 162816K, used 113951K [0x0000000080000000, 0x0000000100000000)
  region size 1024K, 23 young (23552K), 1 survivors (1024K)
 Metaspace       used 69459K, committed 70144K, reserved 1114112K
  class space    used 9221K, committed 9536K, reserved 1048576K
}
Event: 9.786 GC heap after
{Heap after GC invocations=31 (full 0):
 garbage-first heap   total 162816K, used 93535K [0x0000000080000000, 0x0000000100000000)
  region size 1024K, 2 young (2048K), 2 survivors (2048K)
 Metaspace       used 69459K, committed 70144K, reserved 1114112K
  class space    used 9221K, committed 9536K, reserved 1048576K
}
Event: 10.356 GC heap before
{Heap before GC invocations=32 (full 0):
 garbage-first heap   total 163840K, used 132447K [0x0000000080000000, 0x0000000100000000)
  region size 1024K, 39 young (39936K), 2 survivors (2048K)
 Metaspace       used 70727K, committed 71360K, reserved 1114112K
  class space    used 9416K, committed 9664K, reserved 1048576K
}
Event: 10.359 GC heap after
{Heap after GC invocations=33 (full 0):
 garbage-first heap   total 163840K, used 96705K [0x0000000080000000, 0x0000000100000000)
  region size 1024K, 5 young (5120K), 5 survivors (5120K)
 Metaspace       used 70727K, committed 71360K, reserved 1114112K
  class space    used 9416K, committed 9664K, reserved 1048576K
}
Event: 10.382 GC heap before
{Heap before GC invocations=33 (full 0):
 garbage-first heap   total 163840K, used 99777K [0x0000000080000000, 0x0000000100000000)
  region size 1024K, 8 young (8192K), 5 survivors (5120K)
 Metaspace       used 70728K, committed 71360K, reserved 1114112K
  class space    used 9416K, committed 9664K, reserved 1048576K
}
Event: 10.385 GC heap after
{Heap after GC invocations=34 (full 0):
 garbage-first heap   total 163840K, used 97122K [0x0000000080000000, 0x0000000100000000)
  region size 1024K, 1 young (1024K), 1 survivors (1024K)
 Metaspace       used 70728K, committed 71360K, reserved 1114112K
  class space    used 9416K, committed 9664K, reserved 1048576K
}
Event: 10.893 GC heap before
{Heap before GC invocations=34 (full 0):
 garbage-first heap   total 163840K, used 133986K [0x0000000080000000, 0x0000000100000000)
  region size 1024K, 37 young (37888K), 1 survivors (1024K)
 Metaspace       used 71490K, committed 72192K, reserved 1114112K
  class space    used 9551K, committed 9856K, reserved 1048576K
}
Event: 10.896 GC heap after
{Heap after GC invocations=35 (full 0):
 garbage-first heap   total 163840K, used 100362K [0x0000000080000000, 0x0000000100000000)
  region size 1024K, 5 young (5120K), 5 survivors (5120K)
 Metaspace       used 71490K, committed 72192K, reserved 1114112K
  class space    used 9551K, committed 9856K, reserved 1048576K
}
Event: 11.532 GC heap before
{Heap before GC invocations=36 (full 0):
 garbage-first heap   total 174080K, used 133130K [0x0000000080000000, 0x0000000100000000)
  region size 1024K, 37 young (37888K), 5 survivors (5120K)
 Metaspace       used 75129K, committed 75776K, reserved 1122304K
  class space    used 10218K, committed 10496K, reserved 1048576K
}
Event: 11.535 GC heap after
{Heap after GC invocations=37 (full 0):
 garbage-first heap   total 174080K, used 102715K [0x0000000080000000, 0x0000000100000000)
  region size 1024K, 3 young (3072K), 3 survivors (3072K)
 Metaspace       used 75129K, committed 75776K, reserved 1122304K
  class space    used 10218K, committed 10496K, reserved 1048576K
}
Event: 11.599 GC heap before
{Heap before GC invocations=37 (full 0):
 garbage-first heap   total 174080K, used 107835K [0x0000000080000000, 0x0000000100000000)
  region size 1024K, 8 young (8192K), 3 survivors (3072K)
 Metaspace       used 75803K, committed 76480K, reserved 1122304K
  class space    used 10340K, committed 10624K, reserved 1048576K
}
Event: 11.602 GC heap after
{Heap after GC invocations=38 (full 0):
 garbage-first heap   total 174080K, used 103035K [0x0000000080000000, 0x0000000100000000)
  region size 1024K, 1 young (1024K), 1 survivors (1024K)
 Metaspace       used 75803K, committed 76480K, reserved 1122304K
  class space    used 10340K, committed 10624K, reserved 1048576K
}
Event: 12.065 GC heap before
{Heap before GC invocations=38 (full 0):
 garbage-first heap   total 174080K, used 142971K [0x0000000080000000, 0x0000000100000000)
  region size 1024K, 40 young (40960K), 1 survivors (1024K)
 Metaspace       used 78509K, committed 79232K, reserved 1122304K
  class space    used 10787K, committed 11072K, reserved 1048576K
}

