# JRE version: OpenJDK Runtime Environment (17.0.6) (build 17.0.6+0-b2043.56-10027231)
# Java VM: OpenJDK 64-Bit Server VM (17.0.6+0-b2043.56-10027231, mixed mode, tiered, compressed oops, compressed class ptrs, g1 gc, windows-amd64)
GC Precious Log:
 CPUs: 16 total, 16 available
 Memory: 14198M
 Large Page Support: Disabled
 NUMA Support: Disabled
 Compressed Oops: Enabled (32-bit)
 Heap Region Size: 1M
 Heap Min Capacity: 8M
 Heap Initial Capacity: 222M
 Heap Max Capacity: 2G
 Pre-touch: Disabled
 Parallel Workers: 13
 Concurrent Workers: 3
 Concurrent Refinement Workers: 13
 Periodic GC: Disabled
Heap:
 garbage-first heap   total 177152K, used 98302K [0x0000000080000000, 0x0000000100000000)
  region size 1024K, 13 young (13312K), 1 survivors (1024K)
 Metaspace       used 63450K, committed 64128K, reserved 1105920K
  class space    used 8451K, committed 8768K, reserved 1048576K
GC Heap History (20 events):
Event: 4.536 GC heap before
{Heap before GC invocations=13 (full 0):
 garbage-first heap   total 136192K, used 104268K [0x0000000080000000, 0x0000000100000000)
  region size 1024K, 52 young (53248K), 2 survivors (2048K)
 Metaspace       used 43624K, committed 44032K, reserved 1089536K
  class space    used 5697K, committed 5888K, reserved 1048576K
}
Event: 4.540 GC heap after
{Heap after GC invocations=14 (full 0):
 garbage-first heap   total 136192K, used 56771K [0x0000000080000000, 0x0000000100000000)
  region size 1024K, 7 young (7168K), 7 survivors (7168K)
 Metaspace       used 43624K, committed 44032K, reserved 1089536K
  class space    used 5697K, committed 5888K, reserved 1048576K
}
Event: 5.286 GC heap before
{Heap before GC invocations=14 (full 0):
 garbage-first heap   total 136192K, used 108995K [0x0000000080000000, 0x0000000100000000)
  region size 1024K, 52 young (53248K), 7 survivors (7168K)
 Metaspace       used 48946K, committed 49344K, reserved 1097728K
  class space    used 6366K, committed 6528K, reserved 1048576K
}
Event: 5.291 GC heap after
{Heap after GC invocations=15 (full 0):
 garbage-first heap   total 136192K, used 68515K [0x0000000080000000, 0x0000000100000000)
  region size 1024K, 6 young (6144K), 6 survivors (6144K)
 Metaspace       used 48946K, committed 49344K, reserved 1097728K
  class space    used 6366K, committed 6528K, reserved 1048576K
}
Event: 5.743 GC heap before
{Heap before GC invocations=15 (full 0):
 garbage-first heap   total 136192K, used 107427K [0x0000000080000000, 0x0000000100000000)
  region size 1024K, 44 young (45056K), 6 survivors (6144K)
 Metaspace       used 51424K, committed 51840K, reserved 1097728K
  class space    used 6795K, committed 6976K, reserved 1048576K
}
Event: 5.747 GC heap after
{Heap after GC invocations=16 (full 0):
 garbage-first heap   total 136192K, used 72968K [0x0000000080000000, 0x0000000100000000)
  region size 1024K, 5 young (5120K), 5 survivors (5120K)
 Metaspace       used 51424K, committed 51840K, reserved 1097728K
  class space    used 6795K, committed 6976K, reserved 1048576K
}
Event: 6.275 GC heap before
{Heap before GC invocations=17 (full 0):
 garbage-first heap   total 136192K, used 107784K [0x0000000080000000, 0x0000000100000000)
  region size 1024K, 39 young (39936K), 5 survivors (5120K)
 Metaspace       used 54781K, committed 55360K, reserved 1097728K
  class space    used 7304K, committed 7552K, reserved 1048576K
}
Event: 6.278 GC heap after
{Heap after GC invocations=18 (full 0):
 garbage-first heap   total 136192K, used 75865K [0x0000000080000000, 0x0000000100000000)
  region size 1024K, 3 young (3072K), 3 survivors (3072K)
 Metaspace       used 54781K, committed 55360K, reserved 1097728K
  class space    used 7304K, committed 7552K, reserved 1048576K
}
Event: 6.473 GC heap before
{Heap before GC invocations=18 (full 0):
 garbage-first heap   total 136192K, used 91225K [0x0000000080000000, 0x0000000100000000)
  region size 1024K, 20 young (20480K), 3 survivors (3072K)
 Metaspace       used 55076K, committed 55680K, reserved 1097728K
  class space    used 7316K, committed 7616K, reserved 1048576K
}
Event: 6.475 GC heap after
{Heap after GC invocations=19 (full 0):
 garbage-first heap   total 136192K, used 78623K [0x0000000080000000, 0x0000000100000000)
  region size 1024K, 4 young (4096K), 4 survivors (4096K)
 Metaspace       used 55076K, committed 55680K, reserved 1097728K
  class space    used 7316K, committed 7616K, reserved 1048576K
}
Event: 6.505 GC heap before
{Heap before GC invocations=20 (full 0):
 garbage-first heap   total 138240K, used 80671K [0x0000000080000000, 0x0000000100000000)
  region size 1024K, 6 young (6144K), 4 survivors (4096K)
 Metaspace       used 55172K, committed 55808K, reserved 1097728K
  class space    used 7324K, committed 7616K, reserved 1048576K
}
Event: 6.507 GC heap after
{Heap after GC invocations=21 (full 0):
 garbage-first heap   total 138240K, used 80800K [0x0000000080000000, 0x0000000100000000)
  region size 1024K, 2 young (2048K), 2 survivors (2048K)
 Metaspace       used 55172K, committed 55808K, reserved 1097728K
  class space    used 7324K, committed 7616K, reserved 1048576K
}
Event: 6.587 GC heap before
{Heap before GC invocations=22 (full 0):
 garbage-first heap   total 140288K, used 85920K [0x0000000080000000, 0x0000000100000000)
  region size 1024K, 8 young (8192K), 2 survivors (2048K)
 Metaspace       used 55461K, committed 56000K, reserved 1105920K
  class space    used 7376K, committed 7616K, reserved 1048576K
}
Event: 6.589 GC heap after
{Heap after GC invocations=23 (full 0):
 garbage-first heap   total 140288K, used 84450K [0x0000000080000000, 0x0000000100000000)
  region size 1024K, 3 young (3072K), 3 survivors (3072K)
 Metaspace       used 55461K, committed 56000K, reserved 1105920K
  class space    used 7376K, committed 7616K, reserved 1048576K
}
Event: 6.779 GC heap before
{Heap before GC invocations=24 (full 0):
 garbage-first heap   total 147456K, used 102882K [0x0000000080000000, 0x0000000100000000)
  region size 1024K, 20 young (20480K), 3 survivors (3072K)
 Metaspace       used 57440K, committed 58112K, reserved 1105920K
  class space    used 7641K, committed 7936K, reserved 1048576K
}
Event: 6.780 GC heap after
{Heap after GC invocations=25 (full 0):
 garbage-first heap   total 147456K, used 87104K [0x0000000080000000, 0x0000000100000000)
  region size 1024K, 3 young (3072K), 3 survivors (3072K)
 Metaspace       used 57440K, committed 58112K, reserved 1105920K
  class space    used 7641K, committed 7936K, reserved 1048576K
}
Event: 6.820 GC heap before
{Heap before GC invocations=25 (full 0):
 garbage-first heap   total 147456K, used 91200K [0x0000000080000000, 0x0000000100000000)
  region size 1024K, 7 young (7168K), 3 survivors (3072K)
 Metaspace       used 57997K, committed 58560K, reserved 1105920K
  class space    used 7724K, committed 8000K, reserved 1048576K
}
Event: 6.822 GC heap after
{Heap after GC invocations=26 (full 0):
 garbage-first heap   total 147456K, used 86413K [0x0000000080000000, 0x0000000100000000)
  region size 1024K, 1 young (1024K), 1 survivors (1024K)
 Metaspace       used 57997K, committed 58560K, reserved 1105920K
  class space    used 7724K, committed 8000K, reserved 1048576K
}
Event: 7.028 GC heap before
{Heap before GC invocations=26 (full 0):
 garbage-first heap   total 147456K, used 106893K [0x0000000080000000, 0x0000000100000000)
  region size 1024K, 21 young (21504K), 1 survivors (1024K)
 Metaspace       used 61188K, committed 61824K, reserved 1105920K
  class space    used 8106K, committed 8384K, reserved 1048576K
}
Event: 7.030 GC heap after
{Heap after GC invocations=27 (full 0):
 garbage-first heap   total 177152K, used 87038K [0x0000000080000000, 0x0000000100000000)
  region size 1024K, 1 young (1024K), 1 survivors (1024K)
 Metaspace       used 61188K, committed 61824K, reserved 1105920K
  class space    used 8106K, committed 8384K, reserved 1048576K
}

