# JRE version: OpenJDK Runtime Environment (17.0.6) (build 17.0.6+0-b2043.56-10027231)
# Java VM: OpenJDK 64-Bit Server VM (17.0.6+0-b2043.56-10027231, mixed mode, tiered, compressed oops, compressed class ptrs, g1 gc, windows-amd64)
GC Precious Log:
 CPUs: 16 total, 16 available
 Memory: 14198M
 Large Page Support: Disabled
 NUMA Support: Disabled
 Compressed Oops: Enabled (32-bit)
 Heap Region Size: 1M
 Heap Min Capacity: 8M
 Heap Initial Capacity: 222M
 Heap Max Capacity: 2G
 Pre-touch: Disabled
 Parallel Workers: 13
 Concurrent Workers: 3
 Concurrent Refinement Workers: 13
 Periodic GC: Disabled
Heap:
 garbage-first heap   total 337920K, used 245485K [0x0000000080000000, 0x0000000100000000)
  region size 1024K, 95 young (97280K), 5 survivors (5120K)
 Metaspace       used 114181K, committed 114880K, reserved 1155072K
  class space    used 15534K, committed 15872K, reserved 1048576K
GC Heap History (20 events):
Event: 43.726 GC heap before
{Heap before GC invocations=81 (full 0):
 garbage-first heap   total 281600K, used 246312K [0x0000000080000000, 0x0000000100000000)
  region size 1024K, 98 young (100352K), 5 survivors (5120K)
 Metaspace       used 114085K, committed 114816K, reserved 1155072K
  class space    used 15529K, committed 15872K, reserved 1048576K
}
Event: 43.732 GC heap after
{Heap after GC invocations=82 (full 0):
 garbage-first heap   total 281600K, used 151606K [0x0000000080000000, 0x0000000100000000)
  region size 1024K, 5 young (5120K), 5 survivors (5120K)
 Metaspace       used 114085K, committed 114816K, reserved 1155072K
  class space    used 15529K, committed 15872K, reserved 1048576K
}
Event: 44.037 GC heap before
{Heap before GC invocations=82 (full 0):
 garbage-first heap   total 281600K, used 246838K [0x0000000080000000, 0x0000000100000000)
  region size 1024K, 98 young (100352K), 5 survivors (5120K)
 Metaspace       used 114095K, committed 114816K, reserved 1155072K
  class space    used 15529K, committed 15872K, reserved 1048576K
}
Event: 44.045 GC heap after
{Heap after GC invocations=83 (full 0):
 garbage-first heap   total 281600K, used 151500K [0x0000000080000000, 0x0000000100000000)
  region size 1024K, 5 young (5120K), 5 survivors (5120K)
 Metaspace       used 114095K, committed 114816K, reserved 1155072K
  class space    used 15529K, committed 15872K, reserved 1048576K
}
Event: 44.295 GC heap before
{Heap before GC invocations=83 (full 0):
 garbage-first heap   total 281600K, used 246732K [0x0000000080000000, 0x0000000100000000)
  region size 1024K, 98 young (100352K), 5 survivors (5120K)
 Metaspace       used 114106K, committed 114816K, reserved 1155072K
  class space    used 15529K, committed 15872K, reserved 1048576K
}
Event: 44.301 GC heap after
{Heap after GC invocations=84 (full 0):
 garbage-first heap   total 281600K, used 151718K [0x0000000080000000, 0x0000000100000000)
  region size 1024K, 6 young (6144K), 6 survivors (6144K)
 Metaspace       used 114106K, committed 114816K, reserved 1155072K
  class space    used 15529K, committed 15872K, reserved 1048576K
}
Event: 44.468 GC heap before
{Heap before GC invocations=84 (full 0):
 garbage-first heap   total 281600K, used 244902K [0x0000000080000000, 0x0000000100000000)
  region size 1024K, 97 young (99328K), 6 survivors (6144K)
 Metaspace       used 114123K, committed 114816K, reserved 1155072K
  class space    used 15531K, committed 15872K, reserved 1048576K
}
Event: 44.475 GC heap after
{Heap after GC invocations=85 (full 0):
 garbage-first heap   total 281600K, used 152993K [0x0000000080000000, 0x0000000100000000)
  region size 1024K, 7 young (7168K), 7 survivors (7168K)
 Metaspace       used 114123K, committed 114816K, reserved 1155072K
  class space    used 15531K, committed 15872K, reserved 1048576K
}
Event: 44.625 GC heap before
{Heap before GC invocations=85 (full 0):
 garbage-first heap   total 281600K, used 244129K [0x0000000080000000, 0x0000000100000000)
  region size 1024K, 96 young (98304K), 7 survivors (7168K)
 Metaspace       used 114138K, committed 114880K, reserved 1155072K
  class space    used 15531K, committed 15872K, reserved 1048576K
}
Event: 44.632 GC heap after
{Heap after GC invocations=86 (full 0):
 garbage-first heap   total 337920K, used 152850K [0x0000000080000000, 0x0000000100000000)
  region size 1024K, 5 young (5120K), 5 survivors (5120K)
 Metaspace       used 114138K, committed 114880K, reserved 1155072K
  class space    used 15531K, committed 15872K, reserved 1048576K
}
Event: 45.001 GC heap before
{Heap before GC invocations=86 (full 0):
 garbage-first heap   total 337920K, used 298258K [0x0000000080000000, 0x0000000100000000)
  region size 1024K, 147 young (150528K), 5 survivors (5120K)
 Metaspace       used 114140K, committed 114880K, reserved 1155072K
  class space    used 15531K, committed 15872K, reserved 1048576K
}
Event: 45.007 GC heap after
{Heap after GC invocations=87 (full 0):
 garbage-first heap   total 337920K, used 153010K [0x0000000080000000, 0x0000000100000000)
  region size 1024K, 5 young (5120K), 5 survivors (5120K)
 Metaspace       used 114140K, committed 114880K, reserved 1155072K
  class space    used 15531K, committed 15872K, reserved 1048576K
}
Event: 45.512 GC heap before
{Heap before GC invocations=87 (full 0):
 garbage-first heap   total 337920K, used 297394K [0x0000000080000000, 0x0000000100000000)
  region size 1024K, 146 young (149504K), 5 survivors (5120K)
 Metaspace       used 114141K, committed 114880K, reserved 1155072K
  class space    used 15531K, committed 15872K, reserved 1048576K
}
Event: 45.518 GC heap after
{Heap after GC invocations=88 (full 0):
 garbage-first heap   total 337920K, used 153129K [0x0000000080000000, 0x0000000100000000)
  region size 1024K, 5 young (5120K), 5 survivors (5120K)
 Metaspace       used 114141K, committed 114880K, reserved 1155072K
  class space    used 15531K, committed 15872K, reserved 1048576K
}
Event: 45.945 GC heap before
{Heap before GC invocations=88 (full 0):
 garbage-first heap   total 337920K, used 297513K [0x0000000080000000, 0x0000000100000000)
  region size 1024K, 146 young (149504K), 5 survivors (5120K)
 Metaspace       used 114155K, committed 114880K, reserved 1155072K
  class space    used 15534K, committed 15872K, reserved 1048576K
}
Event: 45.953 GC heap after
{Heap after GC invocations=89 (full 0):
 garbage-first heap   total 337920K, used 153798K [0x0000000080000000, 0x0000000100000000)
  region size 1024K, 5 young (5120K), 5 survivors (5120K)
 Metaspace       used 114155K, committed 114880K, reserved 1155072K
  class space    used 15534K, committed 15872K, reserved 1048576K
}
Event: 46.476 GC heap before
{Heap before GC invocations=89 (full 0):
 garbage-first heap   total 337920K, used 298182K [0x0000000080000000, 0x0000000100000000)
  region size 1024K, 146 young (149504K), 5 survivors (5120K)
 Metaspace       used 114165K, committed 114880K, reserved 1155072K
  class space    used 15534K, committed 15872K, reserved 1048576K
}
Event: 46.484 GC heap after
{Heap after GC invocations=90 (full 0):
 garbage-first heap   total 337920K, used 154161K [0x0000000080000000, 0x0000000100000000)
  region size 1024K, 5 young (5120K), 5 survivors (5120K)
 Metaspace       used 114165K, committed 114880K, reserved 1155072K
  class space    used 15534K, committed 15872K, reserved 1048576K
}
Event: 46.986 GC heap before
{Heap before GC invocations=90 (full 0):
 garbage-first heap   total 337920K, used 298545K [0x0000000080000000, 0x0000000100000000)
  region size 1024K, 146 young (149504K), 5 survivors (5120K)
 Metaspace       used 114175K, committed 114880K, reserved 1155072K
  class space    used 15534K, committed 15872K, reserved 1048576K
}
Event: 46.993 GC heap after
{Heap after GC invocations=91 (full 0):
 garbage-first heap   total 337920K, used 154349K [0x0000000080000000, 0x0000000100000000)
  region size 1024K, 5 young (5120K), 5 survivors (5120K)
 Metaspace       used 114175K, committed 114880K, reserved 1155072K
  class space    used 15534K, committed 15872K, reserved 1048576K
}

