# JRE version: OpenJDK Runtime Environment (17.0.6) (build 17.0.6+0-b2043.56-10027231)
# Java VM: OpenJDK 64-Bit Server VM (17.0.6+0-b2043.56-10027231, mixed mode, tiered, compressed oops, compressed class ptrs, g1 gc, windows-amd64)
GC Precious Log:
 CPUs: 16 total, 16 available
 Memory: 14198M
 Large Page Support: Disabled
 NUMA Support: Disabled
 Compressed Oops: Enabled (32-bit)
 Heap Region Size: 1M
 Heap Min Capacity: 8M
 Heap Initial Capacity: 222M
 Heap Max Capacity: 2G
 Pre-touch: Disabled
 Parallel Workers: 13
 Concurrent Workers: 3
 Concurrent Refinement Workers: 13
 Periodic GC: Disabled
Heap:
 garbage-first heap   total 345088K, used 168025K [0x0000000080000000, 0x0000000100000000)
  region size 1024K, 31 young (31744K), 3 survivors (3072K)
 Metaspace       used 87996K, committed 88960K, reserved 1130496K
  class space    used 12031K, committed 12480K, reserved 1048576K
GC Heap History (20 events):
Event: 8.453 GC heap before
{Heap before GC invocations=26 (full 0):
 garbage-first heap   total 153600K, used 89063K [0x0000000080000000, 0x0000000100000000)
  region size 1024K, 7 young (7168K), 6 survivors (6144K)
 Metaspace       used 59660K, committed 60288K, reserved 1105920K
  class space    used 7915K, committed 8192K, reserved 1048576K
}
Event: 8.456 GC heap after
{Heap after GC invocations=27 (full 0):
 garbage-first heap   total 153600K, used 88217K [0x0000000080000000, 0x0000000100000000)
  region size 1024K, 1 young (1024K), 1 survivors (1024K)
 Metaspace       used 59660K, committed 60288K, reserved 1105920K
  class space    used 7915K, committed 8192K, reserved 1048576K
}
Event: 9.017 GC heap before
{Heap before GC invocations=27 (full 0):
 garbage-first heap   total 153600K, used 117913K [0x0000000080000000, 0x0000000100000000)
  region size 1024K, 31 young (31744K), 1 survivors (1024K)
 Metaspace       used 65224K, committed 65856K, reserved 1105920K
  class space    used 8668K, committed 8960K, reserved 1048576K
}
Event: 9.019 GC heap after
{Heap after GC invocations=28 (full 0):
 garbage-first heap   total 153600K, used 90427K [0x0000000080000000, 0x0000000100000000)
  region size 1024K, 3 young (3072K), 3 survivors (3072K)
 Metaspace       used 65224K, committed 65856K, reserved 1105920K
  class space    used 8668K, committed 8960K, reserved 1048576K
}
Event: 9.386 GC heap before
{Heap before GC invocations=29 (full 0):
 garbage-first heap   total 174080K, used 128315K [0x0000000080000000, 0x0000000100000000)
  region size 1024K, 34 young (34816K), 3 survivors (3072K)
 Metaspace       used 67452K, committed 68160K, reserved 1114112K
  class space    used 8962K, committed 9280K, reserved 1048576K
}
Event: 9.389 GC heap after
{Heap after GC invocations=30 (full 0):
 garbage-first heap   total 174080K, used 93193K [0x0000000080000000, 0x0000000100000000)
  region size 1024K, 5 young (5120K), 5 survivors (5120K)
 Metaspace       used 67452K, committed 68160K, reserved 1114112K
  class space    used 8962K, committed 9280K, reserved 1048576K
}
Event: 9.440 GC heap before
{Heap before GC invocations=30 (full 0):
 garbage-first heap   total 174080K, used 96265K [0x0000000080000000, 0x0000000100000000)
  region size 1024K, 8 young (8192K), 5 survivors (5120K)
 Metaspace       used 67698K, committed 68352K, reserved 1114112K
  class space    used 8989K, committed 9280K, reserved 1048576K
}
Event: 9.443 GC heap after
{Heap after GC invocations=31 (full 0):
 garbage-first heap   total 174080K, used 93309K [0x0000000080000000, 0x0000000100000000)
  region size 1024K, 1 young (1024K), 1 survivors (1024K)
 Metaspace       used 67698K, committed 68352K, reserved 1114112K
  class space    used 8989K, committed 9280K, reserved 1048576K
}
Event: 9.697 GC heap before
{Heap before GC invocations=31 (full 0):
 garbage-first heap   total 174080K, used 111741K [0x0000000080000000, 0x0000000100000000)
  region size 1024K, 20 young (20480K), 1 survivors (1024K)
 Metaspace       used 69369K, committed 70080K, reserved 1114112K
  class space    used 9185K, committed 9472K, reserved 1048576K
}
Event: 9.699 GC heap after
{Heap after GC invocations=32 (full 0):
 garbage-first heap   total 174080K, used 94254K [0x0000000080000000, 0x0000000100000000)
  region size 1024K, 2 young (2048K), 2 survivors (2048K)
 Metaspace       used 69369K, committed 70080K, reserved 1114112K
  class space    used 9185K, committed 9472K, reserved 1048576K
}
Event: 10.184 GC heap before
{Heap before GC invocations=33 (full 0):
 garbage-first heap   total 174080K, used 136238K [0x0000000080000000, 0x0000000100000000)
  region size 1024K, 42 young (43008K), 2 survivors (2048K)
 Metaspace       used 70658K, committed 71296K, reserved 1114112K
  class space    used 9380K, committed 9664K, reserved 1048576K
}
Event: 10.187 GC heap after
{Heap after GC invocations=34 (full 0):
 garbage-first heap   total 174080K, used 97766K [0x0000000080000000, 0x0000000100000000)
  region size 1024K, 6 young (6144K), 6 survivors (6144K)
 Metaspace       used 70658K, committed 71296K, reserved 1114112K
  class space    used 9380K, committed 9664K, reserved 1048576K
}
Event: 10.201 GC heap before
{Heap before GC invocations=34 (full 0):
 garbage-first heap   total 174080K, used 99814K [0x0000000080000000, 0x0000000100000000)
  region size 1024K, 8 young (8192K), 6 survivors (6144K)
 Metaspace       used 70658K, committed 71296K, reserved 1114112K
  class space    used 9380K, committed 9664K, reserved 1048576K
}
Event: 10.204 GC heap after
{Heap after GC invocations=35 (full 0):
 garbage-first heap   total 174080K, used 97454K [0x0000000080000000, 0x0000000100000000)
  region size 1024K, 1 young (1024K), 1 survivors (1024K)
 Metaspace       used 70658K, committed 71296K, reserved 1114112K
  class space    used 9380K, committed 9664K, reserved 1048576K
}
Event: 10.870 GC heap before
{Heap before GC invocations=35 (full 0):
 garbage-first heap   total 174080K, used 138414K [0x0000000080000000, 0x0000000100000000)
  region size 1024K, 41 young (41984K), 1 survivors (1024K)
 Metaspace       used 71648K, committed 72320K, reserved 1114112K
  class space    used 9537K, committed 9856K, reserved 1048576K
}
Event: 10.874 GC heap after
{Heap after GC invocations=36 (full 0):
 garbage-first heap   total 348160K, used 101878K [0x0000000080000000, 0x0000000100000000)
  region size 1024K, 5 young (5120K), 5 survivors (5120K)
 Metaspace       used 71648K, committed 72320K, reserved 1114112K
  class space    used 9537K, committed 9856K, reserved 1048576K
}
Event: 12.978 GC heap before
{Heap before GC invocations=37 (full 0):
 garbage-first heap   total 345088K, used 261622K [0x0000000080000000, 0x0000000100000000)
  region size 1024K, 140 young (143360K), 5 survivors (5120K)
 Metaspace       used 83551K, committed 84416K, reserved 1122304K
  class space    used 11494K, committed 11904K, reserved 1048576K
}
Event: 12.986 GC heap after
{Heap after GC invocations=38 (full 0):
 garbage-first heap   total 345088K, used 137582K [0x0000000080000000, 0x0000000100000000)
  region size 1024K, 18 young (18432K), 18 survivors (18432K)
 Metaspace       used 83551K, committed 84416K, reserved 1122304K
  class space    used 11494K, committed 11904K, reserved 1048576K
}
Event: 12.990 GC heap before
{Heap before GC invocations=38 (full 0):
 garbage-first heap   total 345088K, used 138606K [0x0000000080000000, 0x0000000100000000)
  region size 1024K, 19 young (19456K), 18 survivors (18432K)
 Metaspace       used 83551K, committed 84416K, reserved 1122304K
  class space    used 11494K, committed 11904K, reserved 1048576K
}
Event: 12.995 GC heap after
{Heap after GC invocations=39 (full 0):
 garbage-first heap   total 345088K, used 139353K [0x0000000080000000, 0x0000000100000000)
  region size 1024K, 3 young (3072K), 3 survivors (3072K)
 Metaspace       used 83551K, committed 84416K, reserved 1122304K
  class space    used 11494K, committed 11904K, reserved 1048576K
}

