# JRE version: OpenJDK Runtime Environment (17.0.6) (build 17.0.6+0-b2043.56-10027231)
# Java VM: OpenJDK 64-Bit Server VM (17.0.6+0-b2043.56-10027231, mixed mode, tiered, compressed oops, compressed class ptrs, g1 gc, windows-amd64)
GC Precious Log:
 CPUs: 16 total, 16 available
 Memory: 14198M
 Large Page Support: Disabled
 NUMA Support: Disabled
 Compressed Oops: Enabled (32-bit)
 Heap Region Size: 1M
 Heap Min Capacity: 8M
 Heap Initial Capacity: 222M
 Heap Max Capacity: 2G
 Pre-touch: Disabled
 Parallel Workers: 13
 Concurrent Workers: 3
 Concurrent Refinement Workers: 13
 Periodic GC: Disabled
Heap:
 garbage-first heap   total 349184K, used 277775K [0x0000000080000000, 0x0000000100000000)
  region size 1024K, 157 young (160768K), 5 survivors (5120K)
 Metaspace       used 87100K, committed 88064K, reserved 1130496K
  class space    used 11890K, committed 12352K, reserved 1048576K
GC Heap History (20 events):
Event: 8.505 GC heap before
{Heap before GC invocations=24 (full 0):
 garbage-first heap   total 150528K, used 105821K [0x0000000080000000, 0x0000000100000000)
  region size 1024K, 35 young (35840K), 2 survivors (2048K)
 Metaspace       used 55091K, committed 55680K, reserved 1097728K
  class space    used 7318K, committed 7616K, reserved 1048576K
}
Event: 8.508 GC heap after
{Heap after GC invocations=25 (full 0):
 garbage-first heap   total 150528K, used 77933K [0x0000000080000000, 0x0000000100000000)
  region size 1024K, 6 young (6144K), 6 survivors (6144K)
 Metaspace       used 55091K, committed 55680K, reserved 1097728K
  class space    used 7318K, committed 7616K, reserved 1048576K
}
Event: 10.656 GC heap before
{Heap before GC invocations=26 (full 0):
 garbage-first heap   total 150528K, used 119917K [0x0000000080000000, 0x0000000100000000)
  region size 1024K, 45 young (46080K), 6 survivors (6144K)
 Metaspace       used 59812K, committed 60480K, reserved 1105920K
  class space    used 7923K, committed 8192K, reserved 1048576K
}
Event: 10.660 GC heap after
{Heap after GC invocations=27 (full 0):
 garbage-first heap   total 150528K, used 85708K [0x0000000080000000, 0x0000000100000000)
  region size 1024K, 6 young (6144K), 6 survivors (6144K)
 Metaspace       used 59812K, committed 60480K, reserved 1105920K
  class space    used 7923K, committed 8192K, reserved 1048576K
}
Event: 10.670 GC heap before
{Heap before GC invocations=27 (full 0):
 garbage-first heap   total 150528K, used 86732K [0x0000000080000000, 0x0000000100000000)
  region size 1024K, 7 young (7168K), 6 survivors (6144K)
 Metaspace       used 59943K, committed 60544K, reserved 1105920K
  class space    used 7946K, committed 8192K, reserved 1048576K
}
Event: 10.673 GC heap after
{Heap after GC invocations=28 (full 0):
 garbage-first heap   total 150528K, used 86452K [0x0000000080000000, 0x0000000100000000)
  region size 1024K, 1 young (1024K), 1 survivors (1024K)
 Metaspace       used 59943K, committed 60544K, reserved 1105920K
  class space    used 7946K, committed 8192K, reserved 1048576K
}
Event: 11.195 GC heap before
{Heap before GC invocations=28 (full 0):
 garbage-first heap   total 150528K, used 115124K [0x0000000080000000, 0x0000000100000000)
  region size 1024K, 30 young (30720K), 1 survivors (1024K)
 Metaspace       used 65384K, committed 66048K, reserved 1105920K
  class space    used 8680K, committed 9024K, reserved 1048576K
}
Event: 11.198 GC heap after
{Heap after GC invocations=29 (full 0):
 garbage-first heap   total 150528K, used 88594K [0x0000000080000000, 0x0000000100000000)
  region size 1024K, 3 young (3072K), 3 survivors (3072K)
 Metaspace       used 65384K, committed 66048K, reserved 1105920K
  class space    used 8680K, committed 9024K, reserved 1048576K
}
Event: 11.538 GC heap before
{Heap before GC invocations=30 (full 0):
 garbage-first heap   total 174080K, used 126482K [0x0000000080000000, 0x0000000100000000)
  region size 1024K, 34 young (34816K), 3 survivors (3072K)
 Metaspace       used 67603K, committed 68288K, reserved 1114112K
  class space    used 8973K, committed 9280K, reserved 1048576K
}
Event: 11.541 GC heap after
{Heap after GC invocations=31 (full 0):
 garbage-first heap   total 174080K, used 91378K [0x0000000080000000, 0x0000000100000000)
  region size 1024K, 5 young (5120K), 5 survivors (5120K)
 Metaspace       used 67603K, committed 68288K, reserved 1114112K
  class space    used 8973K, committed 9280K, reserved 1048576K
}
Event: 11.586 GC heap before
{Heap before GC invocations=31 (full 0):
 garbage-first heap   total 174080K, used 94450K [0x0000000080000000, 0x0000000100000000)
  region size 1024K, 8 young (8192K), 5 survivors (5120K)
 Metaspace       used 67864K, committed 68480K, reserved 1114112K
  class space    used 9002K, committed 9280K, reserved 1048576K
}
Event: 11.589 GC heap after
{Heap after GC invocations=32 (full 0):
 garbage-first heap   total 174080K, used 91737K [0x0000000080000000, 0x0000000100000000)
  region size 1024K, 1 young (1024K), 1 survivors (1024K)
 Metaspace       used 67864K, committed 68480K, reserved 1114112K
  class space    used 9002K, committed 9280K, reserved 1048576K
}
Event: 11.821 GC heap before
{Heap before GC invocations=32 (full 0):
 garbage-first heap   total 174080K, used 110169K [0x0000000080000000, 0x0000000100000000)
  region size 1024K, 20 young (20480K), 1 survivors (1024K)
 Metaspace       used 69529K, committed 70208K, reserved 1114112K
  class space    used 9198K, committed 9536K, reserved 1048576K
}
Event: 11.823 GC heap after
{Heap after GC invocations=33 (full 0):
 garbage-first heap   total 174080K, used 92744K [0x0000000080000000, 0x0000000100000000)
  region size 1024K, 2 young (2048K), 2 survivors (2048K)
 Metaspace       used 69529K, committed 70208K, reserved 1114112K
  class space    used 9198K, committed 9536K, reserved 1048576K
}
Event: 12.227 GC heap before
{Heap before GC invocations=34 (full 0):
 garbage-first heap   total 174080K, used 136776K [0x0000000080000000, 0x0000000100000000)
  region size 1024K, 44 young (45056K), 2 survivors (2048K)
 Metaspace       used 70816K, committed 71424K, reserved 1114112K
  class space    used 9401K, committed 9664K, reserved 1048576K
}
Event: 12.230 GC heap after
{Heap after GC invocations=35 (full 0):
 garbage-first heap   total 174080K, used 96278K [0x0000000080000000, 0x0000000100000000)
  region size 1024K, 6 young (6144K), 6 survivors (6144K)
 Metaspace       used 70816K, committed 71424K, reserved 1114112K
  class space    used 9401K, committed 9664K, reserved 1048576K
}
Event: 12.238 GC heap before
{Heap before GC invocations=35 (full 0):
 garbage-first heap   total 174080K, used 98326K [0x0000000080000000, 0x0000000100000000)
  region size 1024K, 8 young (8192K), 6 survivors (6144K)
 Metaspace       used 70816K, committed 71424K, reserved 1114112K
  class space    used 9401K, committed 9664K, reserved 1048576K
}
Event: 12.240 GC heap after
{Heap after GC invocations=36 (full 0):
 garbage-first heap   total 174080K, used 96358K [0x0000000080000000, 0x0000000100000000)
  region size 1024K, 1 young (1024K), 1 survivors (1024K)
 Metaspace       used 70816K, committed 71424K, reserved 1114112K
  class space    used 9401K, committed 9664K, reserved 1048576K
}
Event: 13.168 GC heap before
{Heap before GC invocations=36 (full 0):
 garbage-first heap   total 174080K, used 139366K [0x0000000080000000, 0x0000000100000000)
  region size 1024K, 43 young (44032K), 1 survivors (1024K)
 Metaspace       used 72392K, committed 73024K, reserved 1114112K
  class space    used 9634K, committed 9920K, reserved 1048576K
}
Event: 13.173 GC heap after
{Heap after GC invocations=37 (full 0):
 garbage-first heap   total 349184K, used 100623K [0x0000000080000000, 0x0000000100000000)
  region size 1024K, 5 young (5120K), 5 survivors (5120K)
 Metaspace       used 72392K, committed 73024K, reserved 1114112K
  class space    used 9634K, committed 9920K, reserved 1048576K
}

