# JRE version: OpenJDK Runtime Environment (17.0.6) (build 17.0.6+0-b2043.56-10027231)
# Java VM: OpenJDK 64-Bit Server VM (17.0.6+0-b2043.56-10027231, mixed mode, tiered, compressed oops, compressed class ptrs, g1 gc, windows-amd64)
GC Precious Log:
 CPUs: 16 total, 16 available
 Memory: 14198M
 Large Page Support: Disabled
 NUMA Support: Disabled
 Compressed Oops: Enabled (32-bit)
 Heap Region Size: 1M
 Heap Min Capacity: 8M
 Heap Initial Capacity: 222M
 Heap Max Capacity: 2G
 Pre-touch: Disabled
 Parallel Workers: 13
 Concurrent Workers: 3
 Concurrent Refinement Workers: 13
 Periodic GC: Disabled
Heap:
 garbage-first heap   total 237568K, used 147593K [0x0000000080000000, 0x0000000100000000)
  region size 1024K, 71 young (72704K), 1 survivors (1024K)
 Metaspace       used 57159K, committed 57792K, reserved 1105920K
  class space    used 7605K, committed 7872K, reserved 1048576K
GC Heap History (20 events):
Event: 3.161 GC heap before
{Heap before GC invocations=11 (full 0):
 garbage-first heap   total 87040K, used 66393K [0x0000000080000000, 0x0000000100000000)
  region size 1024K, 17 young (17408K), 1 survivors (1024K)
 Metaspace       used 35200K, committed 35584K, reserved 1081344K
  class space    used 4877K, committed 5056K, reserved 1048576K
}
Event: 3.163 GC heap after
{Heap after GC invocations=12 (full 0):
 garbage-first heap   total 104448K, used 50686K [0x0000000080000000, 0x0000000100000000)
  region size 1024K, 2 young (2048K), 2 survivors (2048K)
 Metaspace       used 35200K, committed 35584K, reserved 1081344K
  class space    used 4877K, committed 5056K, reserved 1048576K
}
Event: 3.579 GC heap before
{Heap before GC invocations=12 (full 0):
 garbage-first heap   total 104448K, used 79358K [0x0000000080000000, 0x0000000100000000)
  region size 1024K, 31 young (31744K), 2 survivors (2048K)
 Metaspace       used 41932K, committed 42304K, reserved 1089536K
  class space    used 5583K, committed 5760K, reserved 1048576K
}
Event: 3.582 GC heap after
{Heap after GC invocations=13 (full 0):
 garbage-first heap   total 104448K, used 55163K [0x0000000080000000, 0x0000000100000000)
  region size 1024K, 4 young (4096K), 4 survivors (4096K)
 Metaspace       used 41932K, committed 42304K, reserved 1089536K
  class space    used 5583K, committed 5760K, reserved 1048576K
}
Event: 3.717 GC heap before
{Heap before GC invocations=14 (full 0):
 garbage-first heap   total 104448K, used 71547K [0x0000000080000000, 0x0000000100000000)
  region size 1024K, 22 young (22528K), 4 survivors (4096K)
 Metaspace       used 42359K, committed 42752K, reserved 1089536K
  class space    used 5629K, committed 5824K, reserved 1048576K
}
Event: 3.720 GC heap after
{Heap after GC invocations=15 (full 0):
 garbage-first heap   total 104448K, used 58148K [0x0000000080000000, 0x0000000100000000)
  region size 1024K, 3 young (3072K), 3 survivors (3072K)
 Metaspace       used 42359K, committed 42752K, reserved 1089536K
  class space    used 5629K, committed 5824K, reserved 1048576K
}
Event: 4.121 GC heap before
{Heap before GC invocations=16 (full 0):
 garbage-first heap   total 106496K, used 84772K [0x0000000080000000, 0x0000000100000000)
  region size 1024K, 26 young (26624K), 3 survivors (3072K)
 Metaspace       used 46191K, committed 46592K, reserved 1089536K
  class space    used 6102K, committed 6272K, reserved 1048576K
}
Event: 4.123 GC heap after
{Heap after GC invocations=17 (full 0):
 garbage-first heap   total 106496K, used 59574K [0x0000000080000000, 0x0000000100000000)
  region size 1024K, 2 young (2048K), 2 survivors (2048K)
 Metaspace       used 46191K, committed 46592K, reserved 1089536K
  class space    used 6102K, committed 6272K, reserved 1048576K
}
Event: 4.242 GC heap before
{Heap before GC invocations=17 (full 0):
 garbage-first heap   total 106496K, used 66742K [0x0000000080000000, 0x0000000100000000)
  region size 1024K, 10 young (10240K), 2 survivors (2048K)
 Metaspace       used 46790K, committed 47232K, reserved 1097728K
  class space    used 6197K, committed 6400K, reserved 1048576K
}
Event: 4.244 GC heap after
{Heap after GC invocations=18 (full 0):
 garbage-first heap   total 106496K, used 61199K [0x0000000080000000, 0x0000000100000000)
  region size 1024K, 4 young (4096K), 4 survivors (4096K)
 Metaspace       used 46790K, committed 47232K, reserved 1097728K
  class space    used 6197K, committed 6400K, reserved 1048576K
}
Event: 4.513 GC heap before
{Heap before GC invocations=19 (full 0):
 garbage-first heap   total 116736K, used 90895K [0x0000000080000000, 0x0000000100000000)
  region size 1024K, 27 young (27648K), 4 survivors (4096K)
 Metaspace       used 49302K, committed 49792K, reserved 1097728K
  class space    used 6427K, committed 6656K, reserved 1048576K
}
Event: 4.516 GC heap after
{Heap after GC invocations=20 (full 0):
 garbage-first heap   total 116736K, used 70370K [0x0000000080000000, 0x0000000100000000)
  region size 1024K, 4 young (4096K), 4 survivors (4096K)
 Metaspace       used 49302K, committed 49792K, reserved 1097728K
  class space    used 6427K, committed 6656K, reserved 1048576K
}
Event: 4.524 GC heap before
{Heap before GC invocations=20 (full 0):
 garbage-first heap   total 116736K, used 71394K [0x0000000080000000, 0x0000000100000000)
  region size 1024K, 5 young (5120K), 4 survivors (4096K)
 Metaspace       used 49311K, committed 49792K, reserved 1097728K
  class space    used 6428K, committed 6656K, reserved 1048576K
}
Event: 4.527 GC heap after
{Heap after GC invocations=21 (full 0):
 garbage-first heap   total 116736K, used 71175K [0x0000000080000000, 0x0000000100000000)
  region size 1024K, 1 young (1024K), 1 survivors (1024K)
 Metaspace       used 49311K, committed 49792K, reserved 1097728K
  class space    used 6428K, committed 6656K, reserved 1048576K
}
Event: 4.798 GC heap before
{Heap before GC invocations=21 (full 0):
 garbage-first heap   total 116736K, used 93703K [0x0000000080000000, 0x0000000100000000)
  region size 1024K, 23 young (23552K), 1 survivors (1024K)
 Metaspace       used 50598K, committed 51136K, reserved 1097728K
  class space    used 6652K, committed 6848K, reserved 1048576K
}
Event: 4.799 GC heap after
{Heap after GC invocations=22 (full 0):
 garbage-first heap   total 116736K, used 73191K [0x0000000080000000, 0x0000000100000000)
  region size 1024K, 3 young (3072K), 3 survivors (3072K)
 Metaspace       used 50598K, committed 51136K, reserved 1097728K
  class space    used 6652K, committed 6848K, reserved 1048576K
}
Event: 5.106 GC heap before
{Heap before GC invocations=23 (full 0):
 garbage-first heap   total 124928K, used 94695K [0x0000000080000000, 0x0000000100000000)
  region size 1024K, 24 young (24576K), 3 survivors (3072K)
 Metaspace       used 52915K, committed 53376K, reserved 1097728K
  class space    used 7064K, committed 7232K, reserved 1048576K
}
Event: 5.108 GC heap after
{Heap after GC invocations=24 (full 0):
 garbage-first heap   total 237568K, used 74918K [0x0000000080000000, 0x0000000100000000)
  region size 1024K, 2 young (2048K), 2 survivors (2048K)
 Metaspace       used 52915K, committed 53376K, reserved 1097728K
  class space    used 7064K, committed 7232K, reserved 1048576K
}
Event: 5.225 GC heap before
{Heap before GC invocations=24 (full 0):
 garbage-first heap   total 237568K, used 84134K [0x0000000080000000, 0x0000000100000000)
  region size 1024K, 11 young (11264K), 2 survivors (2048K)
 Metaspace       used 54080K, committed 54656K, reserved 1097728K
  class space    used 7230K, committed 7488K, reserved 1048576K
}
Event: 5.226 GC heap after
{Heap after GC invocations=25 (full 0):
 garbage-first heap   total 237568K, used 74889K [0x0000000080000000, 0x0000000100000000)
  region size 1024K, 1 young (1024K), 1 survivors (1024K)
 Metaspace       used 54080K, committed 54656K, reserved 1097728K
  class space    used 7230K, committed 7488K, reserved 1048576K
}

