# JRE version: OpenJDK Runtime Environment (17.0.6) (build 17.0.6+0-b2043.56-10027231)
# Java VM: OpenJDK 64-Bit Server VM (17.0.6+0-b2043.56-10027231, mixed mode, tiered, compressed oops, compressed class ptrs, g1 gc, windows-amd64)
GC Precious Log:
 CPUs: 16 total, 16 available
 Memory: 14198M
 Large Page Support: Disabled
 NUMA Support: Disabled
 Compressed Oops: Enabled (32-bit)
 Heap Region Size: 1M
 Heap Min Capacity: 8M
 Heap Initial Capacity: 222M
 Heap Max Capacity: 2G
 Pre-touch: Disabled
 Parallel Workers: 13
 Concurrent Workers: 3
 Concurrent Refinement Workers: 13
 Periodic GC: Disabled
Heap:
 garbage-first heap   total 319488K, used 188416K [0x0000000080000000, 0x0000000100000000)
  region size 1024K, 3 young (3072K), 3 survivors (3072K)
 Metaspace       used 99161K, committed 99776K, reserved 1138688K
  class space    used 13759K, committed 14080K, reserved 1048576K
GC Heap History (20 events):
Event: 11.530 GC heap after
{Heap after GC invocations=24 (full 0):
 garbage-first heap   total 148480K, used 84452K [0x0000000080000000, 0x0000000100000000)
  region size 1024K, 5 young (5120K), 5 survivors (5120K)
 Metaspace       used 85868K, committed 86528K, reserved 1130496K
  class space    used 11851K, committed 12160K, reserved 1048576K
}
Event: 11.786 GC heap before
{Heap before GC invocations=25 (full 0):
 garbage-first heap   total 153600K, used 119268K [0x0000000080000000, 0x0000000100000000)
  region size 1024K, 40 young (40960K), 5 survivors (5120K)
 Metaspace       used 86266K, committed 86912K, reserved 1130496K
  class space    used 11887K, committed 12160K, reserved 1048576K
}
Event: 11.790 GC heap after
{Heap after GC invocations=26 (full 0):
 garbage-first heap   total 153600K, used 87312K [0x0000000080000000, 0x0000000100000000)
  region size 1024K, 4 young (4096K), 4 survivors (4096K)
 Metaspace       used 86266K, committed 86912K, reserved 1130496K
  class space    used 11887K, committed 12160K, reserved 1048576K
}
Event: 11.811 GC heap before
{Heap before GC invocations=26 (full 0):
 garbage-first heap   total 153600K, used 89360K [0x0000000080000000, 0x0000000100000000)
  region size 1024K, 7 young (7168K), 4 survivors (4096K)
 Metaspace       used 86312K, committed 86976K, reserved 1130496K
  class space    used 11887K, committed 12160K, reserved 1048576K
}
Event: 11.813 GC heap after
{Heap after GC invocations=27 (full 0):
 garbage-first heap   total 153600K, used 87087K [0x0000000080000000, 0x0000000100000000)
  region size 1024K, 1 young (1024K), 1 survivors (1024K)
 Metaspace       used 86312K, committed 86976K, reserved 1130496K
  class space    used 11887K, committed 12160K, reserved 1048576K
}
Event: 11.995 GC heap before
{Heap before GC invocations=27 (full 0):
 garbage-first heap   total 153600K, used 123951K [0x0000000080000000, 0x0000000100000000)
  region size 1024K, 38 young (38912K), 1 survivors (1024K)
 Metaspace       used 86563K, committed 87168K, reserved 1130496K
  class space    used 11907K, committed 12224K, reserved 1048576K
}
Event: 11.999 GC heap after
{Heap after GC invocations=28 (full 0):
 garbage-first heap   total 153600K, used 90995K [0x0000000080000000, 0x0000000100000000)
  region size 1024K, 5 young (5120K), 5 survivors (5120K)
 Metaspace       used 86563K, committed 87168K, reserved 1130496K
  class space    used 11907K, committed 12224K, reserved 1048576K
}
Event: 12.251 GC heap before
{Heap before GC invocations=29 (full 0):
 garbage-first heap   total 168960K, used 125811K [0x0000000080000000, 0x0000000100000000)
  region size 1024K, 39 young (39936K), 5 survivors (5120K)
 Metaspace       used 88210K, committed 88896K, reserved 1130496K
  class space    used 12076K, committed 12416K, reserved 1048576K
}
Event: 12.255 GC heap after
{Heap after GC invocations=30 (full 0):
 garbage-first heap   total 168960K, used 93456K [0x0000000080000000, 0x0000000100000000)
  region size 1024K, 4 young (4096K), 4 survivors (4096K)
 Metaspace       used 88210K, committed 88896K, reserved 1130496K
  class space    used 12076K, committed 12416K, reserved 1048576K
}
Event: 12.270 GC heap before
{Heap before GC invocations=30 (full 0):
 garbage-first heap   total 168960K, used 96528K [0x0000000080000000, 0x0000000100000000)
  region size 1024K, 8 young (8192K), 4 survivors (4096K)
 Metaspace       used 88264K, committed 88896K, reserved 1130496K
  class space    used 12081K, committed 12416K, reserved 1048576K
}
Event: 12.273 GC heap after
{Heap after GC invocations=31 (full 0):
 garbage-first heap   total 236544K, used 92837K [0x0000000080000000, 0x0000000100000000)
  region size 1024K, 1 young (1024K), 1 survivors (1024K)
 Metaspace       used 88264K, committed 88896K, reserved 1130496K
  class space    used 12081K, committed 12416K, reserved 1048576K
}
Event: 12.891 GC heap before
{Heap before GC invocations=31 (full 0):
 garbage-first heap   total 236544K, used 220837K [0x0000000080000000, 0x0000000100000000)
  region size 1024K, 89 young (91136K), 1 survivors (1024K)
 Metaspace       used 94490K, committed 95168K, reserved 1138688K
  class space    used 12916K, committed 13248K, reserved 1048576K
}
Event: 12.896 GC heap after
{Heap after GC invocations=32 (full 0):
 garbage-first heap   total 236544K, used 130533K [0x0000000080000000, 0x0000000100000000)
  region size 1024K, 12 young (12288K), 12 survivors (12288K)
 Metaspace       used 94490K, committed 95168K, reserved 1138688K
  class space    used 12916K, committed 13248K, reserved 1048576K
}
Event: 13.135 GC heap before
{Heap before GC invocations=32 (full 0):
 garbage-first heap   total 236544K, used 200165K [0x0000000080000000, 0x0000000100000000)
  region size 1024K, 70 young (71680K), 12 survivors (12288K)
 Metaspace       used 95845K, committed 96448K, reserved 1138688K
  class space    used 13118K, committed 13440K, reserved 1048576K
}
Event: 13.147 GC heap after
{Heap after GC invocations=33 (full 0):
 garbage-first heap   total 236544K, used 154229K [0x0000000080000000, 0x0000000100000000)
  region size 1024K, 9 young (9216K), 9 survivors (9216K)
 Metaspace       used 95845K, committed 96448K, reserved 1138688K
  class space    used 13118K, committed 13440K, reserved 1048576K
}
Event: 13.381 GC heap before
{Heap before GC invocations=33 (full 0):
 garbage-first heap   total 236544K, used 188021K [0x0000000080000000, 0x0000000100000000)
  region size 1024K, 43 young (44032K), 9 survivors (9216K)
 Metaspace       used 98832K, committed 99520K, reserved 1138688K
  class space    used 13742K, committed 14080K, reserved 1048576K
}
Event: 13.394 GC heap after
{Heap after GC invocations=34 (full 0):
 garbage-first heap   total 236544K, used 165638K [0x0000000080000000, 0x0000000100000000)
  region size 1024K, 6 young (6144K), 6 survivors (6144K)
 Metaspace       used 98832K, committed 99520K, reserved 1138688K
  class space    used 13742K, committed 14080K, reserved 1048576K
}
Event: 13.477 GC heap before
{Heap before GC invocations=34 (full 0):
 garbage-first heap   total 236544K, used 193286K [0x0000000080000000, 0x0000000100000000)
  region size 1024K, 33 young (33792K), 6 survivors (6144K)
 Metaspace       used 99075K, committed 99712K, reserved 1138688K
  class space    used 13754K, committed 14080K, reserved 1048576K
}
Event: 13.489 GC heap after
{Heap after GC invocations=35 (full 0):
 garbage-first heap   total 236544K, used 179763K [0x0000000080000000, 0x0000000100000000)
  region size 1024K, 5 young (5120K), 5 survivors (5120K)
 Metaspace       used 99075K, committed 99712K, reserved 1138688K
  class space    used 13754K, committed 14080K, reserved 1048576K
}
Event: 13.544 GC heap before
{Heap before GC invocations=35 (full 0):
 garbage-first heap   total 319488K, used 194099K [0x0000000080000000, 0x0000000100000000)
  region size 1024K, 20 young (20480K), 5 survivors (5120K)
 Metaspace       used 99161K, committed 99776K, reserved 1138688K
  class space    used 13759K, committed 14080K, reserved 1048576K
}

