# JRE version: OpenJDK Runtime Environment (17.0.6) (build 17.0.6+0-b2043.56-10027231)
# Java VM: OpenJDK 64-Bit Server VM (17.0.6+0-b2043.56-10027231, mixed mode, tiered, compressed oops, compressed class ptrs, g1 gc, windows-amd64)
GC Precious Log:
 CPUs: 16 total, 16 available
 Memory: 14198M
 Large Page Support: Disabled
 NUMA Support: Disabled
 Compressed Oops: Enabled (32-bit)
 Heap Region Size: 1M
 Heap Min Capacity: 8M
 Heap Initial Capacity: 222M
 Heap Max Capacity: 2G
 Pre-touch: Disabled
 Parallel Workers: 13
 Concurrent Workers: 3
 Concurrent Refinement Workers: 13
 Periodic GC: Disabled
Heap:
 garbage-first heap   total 307200K, used 234951K [0x0000000080000000, 0x0000000100000000)
  region size 1024K, 56 young (57344K), 2 survivors (2048K)
 Metaspace       used 115937K, committed 117056K, reserved 1155072K
  class space    used 15513K, committed 16064K, reserved 1048576K
GC Heap History (20 events):
Event: 18.852 GC heap before
{Heap before GC invocations=46 (full 0):
 garbage-first heap   total 229376K, used 191362K [0x0000000080000000, 0x0000000100000000)
  region size 1024K, 51 young (52224K), 2 survivors (2048K)
 Metaspace       used 99569K, committed 100416K, reserved 1138688K
  class space    used 13573K, committed 13952K, reserved 1048576K
}
Event: 18.856 GC heap after
{Heap after GC invocations=47 (full 0):
 garbage-first heap   total 229376K, used 143680K [0x0000000080000000, 0x0000000100000000)
  region size 1024K, 4 young (4096K), 4 survivors (4096K)
 Metaspace       used 99569K, committed 100416K, reserved 1138688K
  class space    used 13573K, committed 13952K, reserved 1048576K
}
Event: 25.128 GC heap before
{Heap before GC invocations=47 (full 0):
 garbage-first heap   total 229376K, used 192832K [0x0000000080000000, 0x0000000100000000)
  region size 1024K, 52 young (53248K), 4 survivors (4096K)
 Metaspace       used 103334K, committed 104256K, reserved 1146880K
  class space    used 13938K, committed 14336K, reserved 1048576K
}
Event: 25.135 GC heap after
{Heap after GC invocations=48 (full 0):
 garbage-first heap   total 229376K, used 150243K [0x0000000080000000, 0x0000000100000000)
  region size 1024K, 7 young (7168K), 7 survivors (7168K)
 Metaspace       used 103334K, committed 104256K, reserved 1146880K
  class space    used 13938K, committed 14336K, reserved 1048576K
}
Event: 25.330 GC heap before
{Heap before GC invocations=48 (full 0):
 garbage-first heap   total 229376K, used 191203K [0x0000000080000000, 0x0000000100000000)
  region size 1024K, 48 young (49152K), 7 survivors (7168K)
 Metaspace       used 103541K, committed 104384K, reserved 1146880K
  class space    used 13940K, committed 14336K, reserved 1048576K
}
Event: 25.335 GC heap after
{Heap after GC invocations=49 (full 0):
 garbage-first heap   total 229376K, used 153329K [0x0000000080000000, 0x0000000100000000)
  region size 1024K, 5 young (5120K), 5 survivors (5120K)
 Metaspace       used 103541K, committed 104384K, reserved 1146880K
  class space    used 13940K, committed 14336K, reserved 1048576K
}
Event: 29.214 GC heap before
{Heap before GC invocations=50 (full 0):
 garbage-first heap   total 268288K, used 191217K [0x0000000080000000, 0x0000000100000000)
  region size 1024K, 43 young (44032K), 5 survivors (5120K)
 Metaspace       used 104699K, committed 105664K, reserved 1146880K
  class space    used 14047K, committed 14464K, reserved 1048576K
}
Event: 29.220 GC heap after
{Heap after GC invocations=51 (full 0):
 garbage-first heap   total 268288K, used 156601K [0x0000000080000000, 0x0000000100000000)
  region size 1024K, 5 young (5120K), 5 survivors (5120K)
 Metaspace       used 104699K, committed 105664K, reserved 1146880K
  class space    used 14047K, committed 14464K, reserved 1048576K
}
Event: 29.361 GC heap before
{Heap before GC invocations=51 (full 0):
 garbage-first heap   total 268288K, used 164793K [0x0000000080000000, 0x0000000100000000)
  region size 1024K, 13 young (13312K), 5 survivors (5120K)
 Metaspace       used 105185K, committed 106112K, reserved 1146880K
  class space    used 14100K, committed 14528K, reserved 1048576K
}
Event: 29.366 GC heap after
{Heap after GC invocations=52 (full 0):
 garbage-first heap   total 268288K, used 156705K [0x0000000080000000, 0x0000000100000000)
  region size 1024K, 2 young (2048K), 2 survivors (2048K)
 Metaspace       used 105185K, committed 106112K, reserved 1146880K
  class space    used 14100K, committed 14528K, reserved 1048576K
}
Event: 31.910 GC heap before
{Heap before GC invocations=52 (full 0):
 garbage-first heap   total 268288K, used 219169K [0x0000000080000000, 0x0000000100000000)
  region size 1024K, 63 young (64512K), 2 survivors (2048K)
 Metaspace       used 108986K, committed 110080K, reserved 1146880K
  class space    used 14596K, committed 15104K, reserved 1048576K
}
Event: 31.914 GC heap after
{Heap after GC invocations=53 (full 0):
 garbage-first heap   total 268288K, used 160461K [0x0000000080000000, 0x0000000100000000)
  region size 1024K, 6 young (6144K), 6 survivors (6144K)
 Metaspace       used 108986K, committed 110080K, reserved 1146880K
  class space    used 14596K, committed 15104K, reserved 1048576K
}
Event: 1424.414 GC heap before
{Heap before GC invocations=53 (full 0):
 garbage-first heap   total 268288K, used 219853K [0x0000000080000000, 0x0000000100000000)
  region size 1024K, 65 young (66560K), 6 survivors (6144K)
 Metaspace       used 110088K, committed 111232K, reserved 1146880K
  class space    used 14733K, committed 15296K, reserved 1048576K
}
Event: 1424.421 GC heap after
{Heap after GC invocations=54 (full 0):
 garbage-first heap   total 268288K, used 162940K [0x0000000080000000, 0x0000000100000000)
  region size 1024K, 3 young (3072K), 3 survivors (3072K)
 Metaspace       used 110088K, committed 111232K, reserved 1146880K
  class space    used 14733K, committed 15296K, reserved 1048576K
}
Event: 1425.471 GC heap before
{Heap before GC invocations=54 (full 0):
 garbage-first heap   total 268288K, used 222332K [0x0000000080000000, 0x0000000100000000)
  region size 1024K, 62 young (63488K), 3 survivors (3072K)
 Metaspace       used 111930K, committed 113088K, reserved 1146880K
  class space    used 14961K, committed 15552K, reserved 1048576K
}
Event: 1425.477 GC heap after
{Heap after GC invocations=55 (full 0):
 garbage-first heap   total 268288K, used 171624K [0x0000000080000000, 0x0000000100000000)
  region size 1024K, 8 young (8192K), 8 survivors (8192K)
 Metaspace       used 111930K, committed 113088K, reserved 1146880K
  class space    used 14961K, committed 15552K, reserved 1048576K
}
Event: 1426.050 GC heap before
{Heap before GC invocations=56 (full 0):
 garbage-first heap   total 307200K, used 220776K [0x0000000080000000, 0x0000000100000000)
  region size 1024K, 57 young (58368K), 8 survivors (8192K)
 Metaspace       used 112590K, committed 113728K, reserved 1146880K
  class space    used 15076K, committed 15616K, reserved 1048576K
}
Event: 1426.058 GC heap after
{Heap after GC invocations=57 (full 0):
 garbage-first heap   total 307200K, used 179322K [0x0000000080000000, 0x0000000100000000)
  region size 1024K, 8 young (8192K), 8 survivors (8192K)
 Metaspace       used 112590K, committed 113728K, reserved 1146880K
  class space    used 15076K, committed 15616K, reserved 1048576K
}
Event: 1426.105 GC heap before
{Heap before GC invocations=57 (full 0):
 garbage-first heap   total 307200K, used 185466K [0x0000000080000000, 0x0000000100000000)
  region size 1024K, 15 young (15360K), 8 survivors (8192K)
 Metaspace       used 112618K, committed 113728K, reserved 1146880K
  class space    used 15079K, committed 15616K, reserved 1048576K
}
Event: 1426.110 GC heap after
{Heap after GC invocations=58 (full 0):
 garbage-first heap   total 307200K, used 179655K [0x0000000080000000, 0x0000000100000000)
  region size 1024K, 2 young (2048K), 2 survivors (2048K)
 Metaspace       used 112618K, committed 113728K, reserved 1146880K
  class space    used 15079K, committed 15616K, reserved 1048576K
}

