# JRE version: OpenJDK Runtime Environment (17.0.6) (build 17.0.6+0-b2043.56-10027231)
# Java VM: OpenJDK 64-Bit Server VM (17.0.6+0-b2043.56-10027231, mixed mode, tiered, compressed oops, compressed class ptrs, g1 gc, windows-amd64)
GC Precious Log:
 CPUs: 16 total, 16 available
 Memory: 14198M
 Large Page Support: Disabled
 NUMA Support: Disabled
 Compressed Oops: Enabled (32-bit)
 Heap Region Size: 1M
 Heap Min Capacity: 8M
 Heap Initial Capacity: 222M
 Heap Max Capacity: 2G
 Pre-touch: Disabled
 Parallel Workers: 13
 Concurrent Workers: 3
 Concurrent Refinement Workers: 13
 Periodic GC: Disabled
Heap:
 garbage-first heap   total 261120K, used 152525K [0x0000000080000000, 0x0000000100000000)
  region size 1024K, 2 young (2048K), 2 survivors (2048K)
 Metaspace       used 91804K, committed 92480K, reserved 1130496K
  class space    used 12557K, committed 12864K, reserved 1048576K
GC Heap History (20 events):
Event: 10.866 GC heap after
{Heap after GC invocations=26 (full 0):
 garbage-first heap   total 148480K, used 88263K [0x0000000080000000, 0x0000000100000000)
  region size 1024K, 5 young (5120K), 5 survivors (5120K)
 Metaspace       used 86230K, committed 86848K, reserved 1130496K
  class space    used 11875K, committed 12160K, reserved 1048576K
}
Event: 11.286 GC heap before
{Heap before GC invocations=27 (full 0):
 garbage-first heap   total 158720K, used 120007K [0x0000000080000000, 0x0000000100000000)
  region size 1024K, 37 young (37888K), 5 survivors (5120K)
 Metaspace       used 86613K, committed 87232K, reserved 1130496K
  class space    used 11910K, committed 12160K, reserved 1048576K
}
Event: 11.293 GC heap after
{Heap after GC invocations=28 (full 0):
 garbage-first heap   total 158720K, used 90673K [0x0000000080000000, 0x0000000100000000)
  region size 1024K, 4 young (4096K), 4 survivors (4096K)
 Metaspace       used 86613K, committed 87232K, reserved 1130496K
  class space    used 11910K, committed 12160K, reserved 1048576K
}
Event: 11.350 GC heap before
{Heap before GC invocations=28 (full 0):
 garbage-first heap   total 158720K, used 93745K [0x0000000080000000, 0x0000000100000000)
  region size 1024K, 7 young (7168K), 4 survivors (4096K)
 Metaspace       used 86671K, committed 87232K, reserved 1130496K
  class space    used 11916K, committed 12160K, reserved 1048576K
}
Event: 11.352 GC heap after
{Heap after GC invocations=29 (full 0):
 garbage-first heap   total 158720K, used 90381K [0x0000000080000000, 0x0000000100000000)
  region size 1024K, 1 young (1024K), 1 survivors (1024K)
 Metaspace       used 86671K, committed 87232K, reserved 1130496K
  class space    used 11916K, committed 12160K, reserved 1048576K
}
Event: 11.556 GC heap before
{Heap before GC invocations=29 (full 0):
 garbage-first heap   total 158720K, used 128269K [0x0000000080000000, 0x0000000100000000)
  region size 1024K, 39 young (39936K), 1 survivors (1024K)
 Metaspace       used 86864K, committed 87552K, reserved 1130496K
  class space    used 11929K, committed 12288K, reserved 1048576K
}
Event: 11.562 GC heap after
{Heap after GC invocations=30 (full 0):
 garbage-first heap   total 198656K, used 94476K [0x0000000080000000, 0x0000000100000000)
  region size 1024K, 5 young (5120K), 5 survivors (5120K)
 Metaspace       used 86864K, committed 87552K, reserved 1130496K
  class space    used 11929K, committed 12288K, reserved 1048576K
}
Event: 11.965 GC heap before
{Heap before GC invocations=31 (full 0):
 garbage-first heap   total 198656K, used 156940K [0x0000000080000000, 0x0000000100000000)
  region size 1024K, 67 young (68608K), 5 survivors (5120K)
 Metaspace       used 87109K, committed 87808K, reserved 1130496K
  class space    used 11952K, committed 12288K, reserved 1048576K
}
Event: 11.971 GC heap after
{Heap after GC invocations=32 (full 0):
 garbage-first heap   total 198656K, used 98240K [0x0000000080000000, 0x0000000100000000)
  region size 1024K, 9 young (9216K), 9 survivors (9216K)
 Metaspace       used 87109K, committed 87808K, reserved 1130496K
  class space    used 11952K, committed 12288K, reserved 1048576K
}
Event: 11.973 GC heap before
{Heap before GC invocations=32 (full 0):
 garbage-first heap   total 198656K, used 99264K [0x0000000080000000, 0x0000000100000000)
  region size 1024K, 10 young (10240K), 9 survivors (9216K)
 Metaspace       used 87109K, committed 87808K, reserved 1130496K
  class space    used 11952K, committed 12288K, reserved 1048576K
}
Event: 11.977 GC heap after
{Heap after GC invocations=33 (full 0):
 garbage-first heap   total 198656K, used 97719K [0x0000000080000000, 0x0000000100000000)
  region size 1024K, 2 young (2048K), 2 survivors (2048K)
 Metaspace       used 87109K, committed 87808K, reserved 1130496K
  class space    used 11952K, committed 12288K, reserved 1048576K
}
Event: 12.547 GC heap before
{Heap before GC invocations=33 (full 0):
 garbage-first heap   total 198656K, used 185783K [0x0000000080000000, 0x0000000100000000)
  region size 1024K, 58 young (59392K), 2 survivors (2048K)
 Metaspace       used 91493K, committed 92224K, reserved 1130496K
  class space    used 12510K, committed 12864K, reserved 1048576K
}
Event: 12.551 GC heap after
{Heap after GC invocations=34 (full 0):
 garbage-first heap   total 200704K, used 131780K [0x0000000080000000, 0x0000000100000000)
  region size 1024K, 8 young (8192K), 8 survivors (8192K)
 Metaspace       used 91493K, committed 92224K, reserved 1130496K
  class space    used 12510K, committed 12864K, reserved 1048576K
}
Event: 12.557 GC heap before
{Heap before GC invocations=34 (full 0):
 garbage-first heap   total 200704K, used 152260K [0x0000000080000000, 0x0000000100000000)
  region size 1024K, 16 young (16384K), 8 survivors (8192K)
 Metaspace       used 91498K, committed 92224K, reserved 1130496K
  class space    used 12510K, committed 12864K, reserved 1048576K
}
Event: 12.560 GC heap after
{Heap after GC invocations=35 (full 0):
 garbage-first heap   total 200704K, used 141499K [0x0000000080000000, 0x0000000100000000)
  region size 1024K, 4 young (4096K), 4 survivors (4096K)
 Metaspace       used 91498K, committed 92224K, reserved 1130496K
  class space    used 12510K, committed 12864K, reserved 1048576K
}
Event: 12.561 GC heap before
{Heap before GC invocations=35 (full 0):
 garbage-first heap   total 200704K, used 144571K [0x0000000080000000, 0x0000000100000000)
  region size 1024K, 4 young (4096K), 4 survivors (4096K)
 Metaspace       used 91498K, committed 92224K, reserved 1130496K
  class space    used 12510K, committed 12864K, reserved 1048576K
}
Event: 12.563 GC heap after
{Heap after GC invocations=36 (full 0):
 garbage-first heap   total 200704K, used 144581K [0x0000000080000000, 0x0000000100000000)
  region size 1024K, 0 young (0K), 0 survivors (0K)
 Metaspace       used 91498K, committed 92224K, reserved 1130496K
  class space    used 12510K, committed 12864K, reserved 1048576K
}
Event: 12.733 GC heap before
{Heap before GC invocations=37 (full 0):
 garbage-first heap   total 261120K, used 167109K [0x0000000080000000, 0x0000000100000000)
  region size 1024K, 20 young (20480K), 0 survivors (0K)
 Metaspace       used 91802K, committed 92480K, reserved 1130496K
  class space    used 12557K, committed 12864K, reserved 1048576K
}
Event: 12.739 GC heap after
{Heap after GC invocations=38 (full 0):
 garbage-first heap   total 261120K, used 149712K [0x0000000080000000, 0x0000000100000000)
  region size 1024K, 3 young (3072K), 3 survivors (3072K)
 Metaspace       used 91802K, committed 92480K, reserved 1130496K
  class space    used 12557K, committed 12864K, reserved 1048576K
}
Event: 12.799 GC heap before
{Heap before GC invocations=38 (full 0):
 garbage-first heap   total 261120K, used 158928K [0x0000000080000000, 0x0000000100000000)
  region size 1024K, 12 young (12288K), 3 survivors (3072K)
 Metaspace       used 91804K, committed 92480K, reserved 1130496K
  class space    used 12557K, committed 12864K, reserved 1048576K
}

