# JRE version: OpenJDK Runtime Environment (17.0.6) (build 17.0.6+0-b2043.56-10027231)
# Java VM: OpenJDK 64-Bit Server VM (17.0.6+0-b2043.56-10027231, mixed mode, tiered, compressed oops, compressed class ptrs, g1 gc, windows-amd64)
GC Precious Log:
 CPUs: 16 total, 16 available
 Memory: 14198M
 Large Page Support: Disabled
 NUMA Support: Disabled
 Compressed Oops: Enabled (32-bit)
 Heap Region Size: 1M
 Heap Min Capacity: 8M
 Heap Initial Capacity: 222M
 Heap Max Capacity: 2G
 Pre-touch: Disabled
 Parallel Workers: 13
 Concurrent Workers: 3
 Concurrent Refinement Workers: 13
 Periodic GC: Disabled
Heap:
 garbage-first heap   total 183296K, used 73041K [0x0000000080000000, 0x0000000100000000)
  region size 1024K, 3 young (3072K), 3 survivors (3072K)
 Metaspace       used 50525K, committed 51008K, reserved 1097728K
  class space    used 6639K, committed 6848K, reserved 1048576K
GC Heap History (20 events):
Event: 3.027 GC heap after
{Heap after GC invocations=10 (full 0):
 garbage-first heap   total 86016K, used 50690K [0x0000000080000000, 0x0000000100000000)
  region size 1024K, 1 young (1024K), 1 survivors (1024K)
 Metaspace       used 33020K, committed 33408K, reserved 1081344K
  class space    used 4550K, committed 4736K, reserved 1048576K
}
Event: 3.237 GC heap before
{Heap before GC invocations=11 (full 0):
 garbage-first heap   total 89088K, used 67074K [0x0000000080000000, 0x0000000100000000)
  region size 1024K, 17 young (17408K), 1 survivors (1024K)
 Metaspace       used 35767K, committed 36160K, reserved 1081344K
  class space    used 4960K, committed 5120K, reserved 1048576K
}
Event: 3.238 GC heap after
{Heap after GC invocations=12 (full 0):
 garbage-first heap   total 89088K, used 51419K [0x0000000080000000, 0x0000000100000000)
  region size 1024K, 2 young (2048K), 2 survivors (2048K)
 Metaspace       used 35767K, committed 36160K, reserved 1081344K
  class space    used 4960K, committed 5120K, reserved 1048576K
}
Event: 3.597 GC heap before
{Heap before GC invocations=12 (full 0):
 garbage-first heap   total 89088K, used 69851K [0x0000000080000000, 0x0000000100000000)
  region size 1024K, 21 young (21504K), 2 survivors (2048K)
 Metaspace       used 41451K, committed 41792K, reserved 1089536K
  class space    used 5548K, committed 5696K, reserved 1048576K
}
Event: 3.599 GC heap after
{Heap after GC invocations=13 (full 0):
 garbage-first heap   total 89088K, used 54947K [0x0000000080000000, 0x0000000100000000)
  region size 1024K, 3 young (3072K), 3 survivors (3072K)
 Metaspace       used 41451K, committed 41792K, reserved 1089536K
  class space    used 5548K, committed 5696K, reserved 1048576K
}
Event: 3.682 GC heap before
{Heap before GC invocations=14 (full 0):
 garbage-first heap   total 96256K, used 70307K [0x0000000080000000, 0x0000000100000000)
  region size 1024K, 18 young (18432K), 3 survivors (3072K)
 Metaspace       used 41910K, committed 42304K, reserved 1089536K
  class space    used 5590K, committed 5760K, reserved 1048576K
}
Event: 3.684 GC heap after
{Heap after GC invocations=15 (full 0):
 garbage-first heap   total 115712K, used 57870K [0x0000000080000000, 0x0000000100000000)
  region size 1024K, 3 young (3072K), 3 survivors (3072K)
 Metaspace       used 41910K, committed 42304K, reserved 1089536K
  class space    used 5590K, committed 5760K, reserved 1048576K
}
Event: 3.803 GC heap before
{Heap before GC invocations=15 (full 0):
 garbage-first heap   total 115712K, used 66062K [0x0000000080000000, 0x0000000100000000)
  region size 1024K, 13 young (13312K), 3 survivors (3072K)
 Metaspace       used 42371K, committed 42752K, reserved 1089536K
  class space    used 5635K, committed 5824K, reserved 1048576K
}
Event: 3.805 GC heap after
{Heap after GC invocations=16 (full 0):
 garbage-first heap   total 115712K, used 58966K [0x0000000080000000, 0x0000000100000000)
  region size 1024K, 2 young (2048K), 2 survivors (2048K)
 Metaspace       used 42371K, committed 42752K, reserved 1089536K
  class space    used 5635K, committed 5824K, reserved 1048576K
}
Event: 4.427 GC heap before
{Heap before GC invocations=17 (full 0):
 garbage-first heap   total 115712K, used 90710K [0x0000000080000000, 0x0000000100000000)
  region size 1024K, 31 young (31744K), 2 survivors (2048K)
 Metaspace       used 46763K, committed 47232K, reserved 1097728K
  class space    used 6201K, committed 6400K, reserved 1048576K
}
Event: 4.429 GC heap after
{Heap after GC invocations=18 (full 0):
 garbage-first heap   total 115712K, used 60934K [0x0000000080000000, 0x0000000100000000)
  region size 1024K, 4 young (4096K), 4 survivors (4096K)
 Metaspace       used 46763K, committed 47232K, reserved 1097728K
  class space    used 6201K, committed 6400K, reserved 1048576K
}
Event: 4.449 GC heap before
{Heap before GC invocations=18 (full 0):
 garbage-first heap   total 115712K, used 61958K [0x0000000080000000, 0x0000000100000000)
  region size 1024K, 5 young (5120K), 4 survivors (4096K)
 Metaspace       used 46793K, committed 47232K, reserved 1097728K
  class space    used 6202K, committed 6400K, reserved 1048576K
}
Event: 4.452 GC heap after
{Heap after GC invocations=19 (full 0):
 garbage-first heap   total 115712K, used 61508K [0x0000000080000000, 0x0000000100000000)
  region size 1024K, 1 young (1024K), 1 survivors (1024K)
 Metaspace       used 46793K, committed 47232K, reserved 1097728K
  class space    used 6202K, committed 6400K, reserved 1048576K
}
Event: 4.457 GC heap before
{Heap before GC invocations=19 (full 0):
 garbage-first heap   total 115712K, used 61508K [0x0000000080000000, 0x0000000100000000)
  region size 1024K, 2 young (2048K), 1 survivors (1024K)
 Metaspace       used 46800K, committed 47232K, reserved 1097728K
  class space    used 6203K, committed 6400K, reserved 1048576K
}
Event: 4.458 GC heap after
{Heap after GC invocations=20 (full 0):
 garbage-first heap   total 115712K, used 61653K [0x0000000080000000, 0x0000000100000000)
  region size 1024K, 1 young (1024K), 1 survivors (1024K)
 Metaspace       used 46800K, committed 47232K, reserved 1097728K
  class space    used 6203K, committed 6400K, reserved 1048576K
}
Event: 4.786 GC heap before
{Heap before GC invocations=21 (full 0):
 garbage-first heap   total 116736K, used 91349K [0x0000000080000000, 0x0000000100000000)
  region size 1024K, 24 young (24576K), 1 survivors (1024K)
 Metaspace       used 49312K, committed 49792K, reserved 1097728K
  class space    used 6434K, committed 6656K, reserved 1048576K
}
Event: 4.788 GC heap after
{Heap after GC invocations=22 (full 0):
 garbage-first heap   total 116736K, used 71191K [0x0000000080000000, 0x0000000100000000)
  region size 1024K, 3 young (3072K), 3 survivors (3072K)
 Metaspace       used 49312K, committed 49792K, reserved 1097728K
  class space    used 6434K, committed 6656K, reserved 1048576K
}
Event: 4.806 GC heap before
{Heap before GC invocations=22 (full 0):
 garbage-first heap   total 116736K, used 72215K [0x0000000080000000, 0x0000000100000000)
  region size 1024K, 5 young (5120K), 3 survivors (3072K)
 Metaspace       used 49339K, committed 49856K, reserved 1097728K
  class space    used 6438K, committed 6656K, reserved 1048576K
}
Event: 4.808 GC heap after
{Heap after GC invocations=23 (full 0):
 garbage-first heap   total 116736K, used 70969K [0x0000000080000000, 0x0000000100000000)
  region size 1024K, 1 young (1024K), 1 survivors (1024K)
 Metaspace       used 49339K, committed 49856K, reserved 1097728K
  class space    used 6438K, committed 6656K, reserved 1048576K
}
Event: 5.050 GC heap before
{Heap before GC invocations=23 (full 0):
 garbage-first heap   total 116736K, used 91449K [0x0000000080000000, 0x0000000100000000)
  region size 1024K, 21 young (21504K), 1 survivors (1024K)
 Metaspace       used 50525K, committed 51008K, reserved 1097728K
  class space    used 6639K, committed 6848K, reserved 1048576K
}

